<?xml version="1.0" encoding="UTF-8"?>
<!-- Generated by org.testng.reporters.JUnitXMLReporter -->
<testsuite ignored="0" hostname="DESKTOP-VAQQ53O" failures="0" tests="5" name="Default test" time="54.503" errors="0" timestamp="09 Nov 2021 16:28:02 GMT">
  <testcase classname="Day1.PositiveTest" name="addContact" time="11.864"/>
  <testcase classname="Day1.PositiveTest" name="getAllContactList" time="38.291"/>
  <testcase classname="Day1.PositiveTest" name="getSpecificContact" time="2.39"/>
  <testcase classname="Day1.PositiveTest" name="updateContact" time="0.981"/>
  <testcase classname="Day1.PositiveTest" name="deleteSpecificContact" time="0.866"/>
</testsuite> <!-- Default test -->
