<?xml version="1.0" encoding="UTF-8"?>
<testng-results ignored="0" total="5" passed="5" failed="0" skipped="0">
  <reporter-output>
  </reporter-output>
  <suite started-at="2021-11-09T16:27:07Z" name="Default suite" finished-at="2021-11-09T16:28:02Z" duration-ms="54503">
    <groups>
    </groups>
    <test started-at="2021-11-09T16:27:07Z" name="Default test" finished-at="2021-11-09T16:28:02Z" duration-ms="54503">
      <class name="Day1.PositiveTest">
        <test-method signature="addContact()[pri:0, instance:Day1.PositiveTest@6e6f2380]" started-at="2021-11-09T16:27:07Z" name="addContact" description="Adding Contact " finished-at="2021-11-09T16:27:19Z" duration-ms="11864" status="PASS">
          <reporter-output>
          </reporter-output>
        </test-method> <!-- addContact -->
        <test-method signature="getAllContactList()[pri:0, instance:Day1.PositiveTest@6e6f2380]" started-at="2021-11-09T16:27:19Z" name="getAllContactList" description="for getting all Contact List" finished-at="2021-11-09T16:27:57Z" duration-ms="38291" status="PASS">
          <reporter-output>
          </reporter-output>
        </test-method> <!-- getAllContactList -->
        <test-method signature="getSpecificContact()[pri:0, instance:Day1.PositiveTest@6e6f2380]" started-at="2021-11-09T16:27:57Z" name="getSpecificContact" description="Getting Specific Contact" finished-at="2021-11-09T16:28:00Z" depends-on-methods="Day1.PositiveTest.addContact" duration-ms="2390" status="PASS">
          <reporter-output>
          </reporter-output>
        </test-method> <!-- getSpecificContact -->
        <test-method signature="updateContact()[pri:0, instance:Day1.PositiveTest@6e6f2380]" started-at="2021-11-09T16:28:00Z" name="updateContact" description="updating the Contact" finished-at="2021-11-09T16:28:01Z" depends-on-methods="Day1.PositiveTest.addContact" duration-ms="981" status="PASS">
          <reporter-output>
          </reporter-output>
        </test-method> <!-- updateContact -->
        <test-method signature="deleteSpecificContact()[pri:0, instance:Day1.PositiveTest@6e6f2380]" started-at="2021-11-09T16:28:01Z" name="deleteSpecificContact" description="Deleting Specific Contact" finished-at="2021-11-09T16:28:02Z" depends-on-methods="Day1.PositiveTest.updateContact" duration-ms="866" status="PASS">
          <reporter-output>
          </reporter-output>
        </test-method> <!-- deleteSpecificContact -->
      </class> <!-- Day1.PositiveTest -->
    </test> <!-- Default test -->
  </suite> <!-- Default suite -->
</testng-results>
